0 info it worked if it ends with ok
1 verbose cli [ 'C:\\Program Files (x86)\\Microsoft Visual Studio 14.0\\Web\\External\\node.exe',
1 verbose cli   'C:\\Program Files (x86)\\Microsoft Visual Studio 14.0\\Web\\External\\node_modules\\npm\\bin\\npm-cli.js',
1 verbose cli   'install' ]
2 info using npm@3.3.4
3 info using node@v5.4.1
4 silly loadCurrentTree Starting
5 silly install loadCurrentTree
6 silly install readLocalPackageData
7 silly install normalizeTree
8 silly loadCurrentTree Finishing
9 silly loadIdealTree Starting
10 silly install loadIdealTree
11 silly cloneCurrentTree Starting
12 silly install cloneCurrentTreeToIdealTree
13 silly cloneCurrentTree Finishing
14 silly loadShrinkwrap Starting
15 silly install loadShrinkwrap
16 silly loadShrinkwrap Finishing
17 silly loadAllDepsIntoIdealTree Starting
18 silly install loadAllDepsIntoIdealTree
19 silly fetchNamedPackageData getconfig
20 silly mapToRegistry name getconfig
21 silly mapToRegistry using default registry
22 silly mapToRegistry registry https://registry.npmjs.org/
23 silly mapToRegistry uri https://registry.npmjs.org/getconfig
24 silly fetchNamedPackageData node-uuid
25 silly mapToRegistry name node-uuid
26 silly mapToRegistry using default registry
27 silly mapToRegistry registry https://registry.npmjs.org/
28 silly mapToRegistry uri https://registry.npmjs.org/node-uuid
29 silly fetchNamedPackageData socket.io
30 silly mapToRegistry name socket.io
31 silly mapToRegistry using default registry
32 silly mapToRegistry registry https://registry.npmjs.org/
33 silly mapToRegistry uri https://registry.npmjs.org/socket.io
34 silly fetchNamedPackageData yetify
35 silly mapToRegistry name yetify
36 silly mapToRegistry using default registry
37 silly mapToRegistry registry https://registry.npmjs.org/
38 silly mapToRegistry uri https://registry.npmjs.org/yetify
39 silly fetchNamedPackageData kurento-client
40 silly mapToRegistry name kurento-client
41 silly mapToRegistry using default registry
42 silly mapToRegistry registry https://registry.npmjs.org/
43 silly mapToRegistry uri https://registry.npmjs.org/kurento-client
44 verbose request uri https://registry.npmjs.org/getconfig
45 verbose request no auth needed
46 info attempt registry request try #1 at 3:25:01 AM
47 verbose request id 0850c1c373a2a7dd
48 http request GET https://registry.npmjs.org/getconfig
49 verbose request uri https://registry.npmjs.org/kurento-client
50 verbose request no auth needed
51 info attempt registry request try #1 at 3:25:01 AM
52 http request GET https://registry.npmjs.org/kurento-client
53 verbose request uri https://registry.npmjs.org/yetify
54 verbose request no auth needed
55 info attempt registry request try #1 at 3:25:01 AM
56 http request GET https://registry.npmjs.org/yetify
57 verbose request uri https://registry.npmjs.org/node-uuid
58 verbose request no auth needed
59 info attempt registry request try #1 at 3:25:01 AM
60 verbose etag W/"5889d865-6237"
61 verbose lastModified Thu, 26 Jan 2017 11:07:17 GMT
62 http request GET https://registry.npmjs.org/node-uuid
63 verbose request uri https://registry.npmjs.org/socket.io
64 verbose request no auth needed
65 info attempt registry request try #1 at 3:25:01 AM
66 verbose etag W/"58c1f3e4-24b8b"
67 verbose lastModified Fri, 10 Mar 2017 00:31:32 GMT
68 http request GET https://registry.npmjs.org/socket.io
69 http 304 https://registry.npmjs.org/socket.io
70 verbose headers { date: 'Sat, 11 Mar 2017 08:25:01 GMT',
70 verbose headers   via: '1.1 varnish',
70 verbose headers   'cache-control': 'max-age=300',
70 verbose headers   etag: 'W/"58c1f3e4-24b8b"',
70 verbose headers   age: '209',
70 verbose headers   connection: 'keep-alive',
70 verbose headers   'x-served-by': 'cache-mia1327-MIA',
70 verbose headers   'x-cache': 'HIT',
70 verbose headers   'x-cache-hits': '14',
70 verbose headers   'x-timer': 'S1489220701.638197,VS0,VE0',
70 verbose headers   vary: 'Accept-Encoding' }
71 silly get cb [ 304,
71 silly get   { date: 'Sat, 11 Mar 2017 08:25:01 GMT',
71 silly get     via: '1.1 varnish',
71 silly get     'cache-control': 'max-age=300',
71 silly get     etag: 'W/"58c1f3e4-24b8b"',
71 silly get     age: '209',
71 silly get     connection: 'keep-alive',
71 silly get     'x-served-by': 'cache-mia1327-MIA',
71 silly get     'x-cache': 'HIT',
71 silly get     'x-cache-hits': '14',
71 silly get     'x-timer': 'S1489220701.638197,VS0,VE0',
71 silly get     vary: 'Accept-Encoding' } ]
72 verbose etag https://registry.npmjs.org/socket.io from cache
73 verbose get saving socket.io to C:\Users\brad\AppData\Roaming\npm-cache\registry.npmjs.org\socket.io\.cache.json
74 http 200 https://registry.npmjs.org/node-uuid
75 verbose headers { server: 'nginx/1.10.1',
75 verbose headers   'content-type': 'application/json',
75 verbose headers   'last-modified': 'Fri, 10 Mar 2017 06:45:35 GMT',
75 verbose headers   etag: 'W/"58c24b8f-626e"',
75 verbose headers   'content-encoding': 'gzip',
75 verbose headers   'cache-control': 'max-age=300',
75 verbose headers   'content-length': '6626',
75 verbose headers   'accept-ranges': 'bytes',
75 verbose headers   date: 'Sat, 11 Mar 2017 08:25:01 GMT',
75 verbose headers   via: '1.1 varnish',
75 verbose headers   age: '187',
75 verbose headers   connection: 'keep-alive',
75 verbose headers   'x-served-by': 'cache-mia1321-MIA',
75 verbose headers   'x-cache': 'HIT',
75 verbose headers   'x-cache-hits': '1',
75 verbose headers   'x-timer': 'S1489220701.633567,VS0,VE0',
75 verbose headers   vary: 'Accept-Encoding' }
76 silly get cb [ 200,
76 silly get   { server: 'nginx/1.10.1',
76 silly get     'content-type': 'application/json',
76 silly get     'last-modified': 'Fri, 10 Mar 2017 06:45:35 GMT',
76 silly get     etag: 'W/"58c24b8f-626e"',
76 silly get     'content-encoding': 'gzip',
76 silly get     'cache-control': 'max-age=300',
76 silly get     'content-length': '6626',
76 silly get     'accept-ranges': 'bytes',
76 silly get     date: 'Sat, 11 Mar 2017 08:25:01 GMT',
76 silly get     via: '1.1 varnish',
76 silly get     age: '187',
76 silly get     connection: 'keep-alive',
76 silly get     'x-served-by': 'cache-mia1321-MIA',
76 silly get     'x-cache': 'HIT',
76 silly get     'x-cache-hits': '1',
76 silly get     'x-timer': 'S1489220701.633567,VS0,VE0',
76 silly get     vary: 'Accept-Encoding' } ]
77 verbose get saving node-uuid to C:\Users\brad\AppData\Roaming\npm-cache\registry.npmjs.org\node-uuid\.cache.json
78 silly resolveWithNewModule socket.io@1.3.7 checking installable status
79 silly cache add args [ 'socket.io@1.3.7', null ]
80 verbose cache add spec socket.io@1.3.7
81 silly cache add parsed spec Result {
81 silly cache add   raw: 'socket.io@1.3.7',
81 silly cache add   scope: null,
81 silly cache add   name: 'socket.io',
81 silly cache add   rawSpec: '1.3.7',
81 silly cache add   spec: '1.3.7',
81 silly cache add   type: 'version' }
82 silly addNamed socket.io@1.3.7
83 verbose addNamed "1.3.7" is a plain semver version for socket.io
84 silly mapToRegistry name socket.io
85 silly mapToRegistry using default registry
86 silly mapToRegistry registry https://registry.npmjs.org/
87 silly mapToRegistry uri https://registry.npmjs.org/socket.io
88 verbose addNameVersion registry:https://registry.npmjs.org/socket.io not in flight; fetching
89 silly resolveWithNewModule node-uuid@1.2.0 checking installable status
90 silly cache add args [ 'node-uuid@1.2.0', null ]
91 verbose cache add spec node-uuid@1.2.0
92 silly cache add parsed spec Result {
92 silly cache add   raw: 'node-uuid@1.2.0',
92 silly cache add   scope: null,
92 silly cache add   name: 'node-uuid',
92 silly cache add   rawSpec: '1.2.0',
92 silly cache add   spec: '1.2.0',
92 silly cache add   type: 'version' }
93 silly addNamed node-uuid@1.2.0
94 verbose addNamed "1.2.0" is a plain semver version for node-uuid
95 silly mapToRegistry name node-uuid
96 silly mapToRegistry using default registry
97 silly mapToRegistry registry https://registry.npmjs.org/
98 silly mapToRegistry uri https://registry.npmjs.org/node-uuid
99 verbose addNameVersion registry:https://registry.npmjs.org/node-uuid not in flight; fetching
100 verbose get https://registry.npmjs.org/socket.io not expired, no request
101 verbose get https://registry.npmjs.org/node-uuid not expired, no request
102 warn deprecated node-uuid@1.2.0: use uuid module instead
103 silly mapToRegistry name socket.io
104 silly mapToRegistry using default registry
105 silly mapToRegistry registry https://registry.npmjs.org/
106 silly mapToRegistry uri https://registry.npmjs.org/socket.io
107 verbose addRemoteTarball https://registry.npmjs.org/socket.io/-/socket.io-1.3.7.tgz not in flight; adding
108 verbose addRemoteTarball [ 'https://registry.npmjs.org/socket.io/-/socket.io-1.3.7.tgz',
108 verbose addRemoteTarball   '93747a29bcab6266f0fbe19112cca5e1388cf7ad' ]
109 silly mapToRegistry name node-uuid
110 silly mapToRegistry using default registry
111 silly mapToRegistry registry https://registry.npmjs.org/
112 silly mapToRegistry uri https://registry.npmjs.org/node-uuid
113 verbose addRemoteTarball https://registry.npmjs.org/node-uuid/-/node-uuid-1.2.0.tgz not in flight; adding
114 verbose addRemoteTarball [ 'https://registry.npmjs.org/node-uuid/-/node-uuid-1.2.0.tgz',
114 verbose addRemoteTarball   '81a9fe32934719852499b58b2523d2cd5fdfd65b' ]
115 info retry fetch attempt 1 at 3:25:01 AM
116 info attempt registry request try #1 at 3:25:01 AM
117 http fetch GET https://registry.npmjs.org/node-uuid/-/node-uuid-1.2.0.tgz
118 info retry fetch attempt 1 at 3:25:01 AM
119 info attempt registry request try #1 at 3:25:01 AM
120 http fetch GET https://registry.npmjs.org/socket.io/-/socket.io-1.3.7.tgz
121 http 200 https://registry.npmjs.org/kurento-client
122 verbose headers { server: 'nginx/1.10.1',
122 verbose headers   'content-type': 'application/json',
122 verbose headers   'last-modified': 'Sun, 11 Sep 2016 06:11:05 GMT',
122 verbose headers   etag: 'W/"57d4f579-8ae6"',
122 verbose headers   'content-encoding': 'gzip',
122 verbose headers   'cache-control': 'max-age=300',
122 verbose headers   'content-length': '6417',
122 verbose headers   'accept-ranges': 'bytes',
122 verbose headers   date: 'Sat, 11 Mar 2017 08:25:01 GMT',
122 verbose headers   via: '1.1 varnish',
122 verbose headers   age: '0',
122 verbose headers   connection: 'keep-alive',
122 verbose headers   'x-served-by': 'cache-mia1325-MIA',
122 verbose headers   'x-cache': 'MISS',
122 verbose headers   'x-cache-hits': '0',
122 verbose headers   'x-timer': 'S1489220701.633667,VS0,VE165',
122 verbose headers   vary: 'Accept-Encoding' }
123 silly get cb [ 200,
123 silly get   { server: 'nginx/1.10.1',
123 silly get     'content-type': 'application/json',
123 silly get     'last-modified': 'Sun, 11 Sep 2016 06:11:05 GMT',
123 silly get     etag: 'W/"57d4f579-8ae6"',
123 silly get     'content-encoding': 'gzip',
123 silly get     'cache-control': 'max-age=300',
123 silly get     'content-length': '6417',
123 silly get     'accept-ranges': 'bytes',
123 silly get     date: 'Sat, 11 Mar 2017 08:25:01 GMT',
123 silly get     via: '1.1 varnish',
123 silly get     age: '0',
123 silly get     connection: 'keep-alive',
123 silly get     'x-served-by': 'cache-mia1325-MIA',
123 silly get     'x-cache': 'MISS',
123 silly get     'x-cache-hits': '0',
123 silly get     'x-timer': 'S1489220701.633667,VS0,VE165',
123 silly get     vary: 'Accept-Encoding' } ]
124 verbose get saving kurento-client to C:\Users\brad\AppData\Roaming\npm-cache\registry.npmjs.org\kurento-client\.cache.json
125 http 200 https://registry.npmjs.org/getconfig
126 verbose headers { server: 'nginx/1.10.1',
126 verbose headers   'content-type': 'application/json',
126 verbose headers   'last-modified': 'Fri, 18 Mar 2016 22:09:21 GMT',
126 verbose headers   etag: 'W/"56ec7c91-457c"',
126 verbose headers   'content-encoding': 'gzip',
126 verbose headers   'cache-control': 'max-age=300',
126 verbose headers   'content-length': '3695',
126 verbose headers   'accept-ranges': 'bytes',
126 verbose headers   date: 'Sat, 11 Mar 2017 08:25:01 GMT',
126 verbose headers   via: '1.1 varnish',
126 verbose headers   age: '0',
126 verbose headers   connection: 'keep-alive',
126 verbose headers   'x-served-by': 'cache-mia1321-MIA',
126 verbose headers   'x-cache': 'MISS',
126 verbose headers   'x-cache-hits': '0',
126 verbose headers   'x-timer': 'S1489220701.645391,VS0,VE165',
126 verbose headers   vary: 'Accept-Encoding' }
127 silly get cb [ 200,
127 silly get   { server: 'nginx/1.10.1',
127 silly get     'content-type': 'application/json',
127 silly get     'last-modified': 'Fri, 18 Mar 2016 22:09:21 GMT',
127 silly get     etag: 'W/"56ec7c91-457c"',
127 silly get     'content-encoding': 'gzip',
127 silly get     'cache-control': 'max-age=300',
127 silly get     'content-length': '3695',
127 silly get     'accept-ranges': 'bytes',
127 silly get     date: 'Sat, 11 Mar 2017 08:25:01 GMT',
127 silly get     via: '1.1 varnish',
127 silly get     age: '0',
127 silly get     connection: 'keep-alive',
127 silly get     'x-served-by': 'cache-mia1321-MIA',
127 silly get     'x-cache': 'MISS',
127 silly get     'x-cache-hits': '0',
127 silly get     'x-timer': 'S1489220701.645391,VS0,VE165',
127 silly get     vary: 'Accept-Encoding' } ]
128 verbose get saving getconfig to C:\Users\brad\AppData\Roaming\npm-cache\registry.npmjs.org\getconfig\.cache.json
129 silly fetchPackageMetaData Error: No compatible version found: kurento-client@master
129 silly fetchPackageMetaData Valid install targets:
129 silly fetchPackageMetaData ["6.6.0","6.5.0","6.4.1","6.4.0","6.2.0","6.1.0","6.0.1","6.0.0","5.1.0","5.0.4","5.0.3"]
129 silly fetchPackageMetaData
129 silly fetchPackageMetaData     at pickVersionFromRegistryDocument (C:\Program Files (x86)\Microsoft Visual Studio 14.0\Web\External\node_modules\npm\lib\fetch-package-metadata.js:146:16)
129 silly fetchPackageMetaData     at C:\Program Files (x86)\Microsoft Visual Studio 14.0\Web\External\node_modules\iferr\index.js:13:50
129 silly fetchPackageMetaData     at C:\Program Files (x86)\Microsoft Visual Studio 14.0\Web\External\node_modules\npm\lib\utils\pulse-till-done.js:19:8
129 silly fetchPackageMetaData     at saved (C:\Program Files (x86)\Microsoft Visual Studio 14.0\Web\External\node_modules\npm\lib\cache\caching-client.js:168:7)
129 silly fetchPackageMetaData     at C:\Program Files (x86)\Microsoft Visual Studio 14.0\Web\External\node_modules\npm\node_modules\graceful-fs\polyfills.js:210:7
129 silly fetchPackageMetaData     at FSReqWrap.oncomplete (fs.js:82:15)
129 silly fetchPackageMetaData  error for kurento-client@master [Error: No compatible version found: kurento-client@master
129 silly fetchPackageMetaData Valid install targets:
129 silly fetchPackageMetaData ["6.6.0","6.5.0","6.4.1","6.4.0","6.2.0","6.1.0","6.0.1","6.0.0","5.1.0","5.0.4","5.0.3"]
129 silly fetchPackageMetaData ]
130 http 200 https://registry.npmjs.org/yetify
131 verbose headers { server: 'nginx/1.10.1',
131 verbose headers   'content-type': 'application/json',
131 verbose headers   'last-modified': 'Wed, 10 Jul 2013 06:33:09 GMT',
131 verbose headers   etag: 'W/"51dd0025-cea"',
131 verbose headers   'content-encoding': 'gzip',
131 verbose headers   'cache-control': 'max-age=300',
131 verbose headers   'content-length': '913',
131 verbose headers   'accept-ranges': 'bytes',
131 verbose headers   date: 'Sat, 11 Mar 2017 08:25:01 GMT',
131 verbose headers   via: '1.1 varnish',
131 verbose headers   age: '0',
131 verbose headers   connection: 'keep-alive',
131 verbose headers   'x-served-by': 'cache-mia1327-MIA',
131 verbose headers   'x-cache': 'MISS',
131 verbose headers   'x-cache-hits': '0',
131 verbose headers   'x-timer': 'S1489220701.665303,VS0,VE166',
131 verbose headers   vary: 'Accept-Encoding' }
132 silly get cb [ 200,
132 silly get   { server: 'nginx/1.10.1',
132 silly get     'content-type': 'application/json',
132 silly get     'last-modified': 'Wed, 10 Jul 2013 06:33:09 GMT',
132 silly get     etag: 'W/"51dd0025-cea"',
132 silly get     'content-encoding': 'gzip',
132 silly get     'cache-control': 'max-age=300',
132 silly get     'content-length': '913',
132 silly get     'accept-ranges': 'bytes',
132 silly get     date: 'Sat, 11 Mar 2017 08:25:01 GMT',
132 silly get     via: '1.1 varnish',
132 silly get     age: '0',
132 silly get     connection: 'keep-alive',
132 silly get     'x-served-by': 'cache-mia1327-MIA',
132 silly get     'x-cache': 'MISS',
132 silly get     'x-cache-hits': '0',
132 silly get     'x-timer': 'S1489220701.665303,VS0,VE166',
132 silly get     vary: 'Accept-Encoding' } ]
133 verbose get saving yetify to C:\Users\brad\AppData\Roaming\npm-cache\registry.npmjs.org\yetify\.cache.json
134 silly resolveWithNewModule getconfig@2.1.0 checking installable status
135 silly cache add args [ 'getconfig@2.1.0', null ]
136 verbose cache add spec getconfig@2.1.0
137 silly cache add parsed spec Result {
137 silly cache add   raw: 'getconfig@2.1.0',
137 silly cache add   scope: null,
137 silly cache add   name: 'getconfig',
137 silly cache add   rawSpec: '2.1.0',
137 silly cache add   spec: '2.1.0',
137 silly cache add   type: 'version' }
138 silly addNamed getconfig@2.1.0
139 verbose addNamed "2.1.0" is a plain semver version for getconfig
140 silly mapToRegistry name getconfig
141 silly mapToRegistry using default registry
142 silly mapToRegistry registry https://registry.npmjs.org/
143 silly mapToRegistry uri https://registry.npmjs.org/getconfig
144 verbose addNameVersion registry:https://registry.npmjs.org/getconfig not in flight; fetching
145 verbose get https://registry.npmjs.org/getconfig not expired, no request
146 silly mapToRegistry name getconfig
147 silly mapToRegistry using default registry
148 silly mapToRegistry registry https://registry.npmjs.org/
149 silly mapToRegistry uri https://registry.npmjs.org/getconfig
150 verbose addRemoteTarball https://registry.npmjs.org/getconfig/-/getconfig-2.1.0.tgz not in flight; adding
151 verbose addRemoteTarball [ 'https://registry.npmjs.org/getconfig/-/getconfig-2.1.0.tgz',
151 verbose addRemoteTarball   '07810d4e5d975a2e12bd21e0b234157a57931722' ]
152 silly resolveWithNewModule yetify@0.0.1 checking installable status
153 silly cache add args [ 'yetify@0.0.1', null ]
154 verbose cache add spec yetify@0.0.1
155 silly cache add parsed spec Result {
155 silly cache add   raw: 'yetify@0.0.1',
155 silly cache add   scope: null,
155 silly cache add   name: 'yetify',
155 silly cache add   rawSpec: '0.0.1',
155 silly cache add   spec: '0.0.1',
155 silly cache add   type: 'version' }
156 silly addNamed yetify@0.0.1
157 verbose addNamed "0.0.1" is a plain semver version for yetify
158 silly mapToRegistry name yetify
159 silly mapToRegistry using default registry
160 silly mapToRegistry registry https://registry.npmjs.org/
161 silly mapToRegistry uri https://registry.npmjs.org/yetify
162 verbose addNameVersion registry:https://registry.npmjs.org/yetify not in flight; fetching
163 verbose get https://registry.npmjs.org/yetify not expired, no request
164 silly mapToRegistry name yetify
165 silly mapToRegistry using default registry
166 silly mapToRegistry registry https://registry.npmjs.org/
167 silly mapToRegistry uri https://registry.npmjs.org/yetify
168 verbose addRemoteTarball https://registry.npmjs.org/yetify/-/yetify-0.0.1.tgz not in flight; adding
169 verbose addRemoteTarball [ 'https://registry.npmjs.org/yetify/-/yetify-0.0.1.tgz',
169 verbose addRemoteTarball   '3e8154def73164493ae84203155f2b6e0eb4d352' ]
170 info retry fetch attempt 1 at 3:25:01 AM
171 info attempt registry request try #1 at 3:25:01 AM
172 http fetch GET https://registry.npmjs.org/getconfig/-/getconfig-2.1.0.tgz
173 info retry fetch attempt 1 at 3:25:01 AM
174 info attempt registry request try #1 at 3:25:01 AM
175 http fetch GET https://registry.npmjs.org/yetify/-/yetify-0.0.1.tgz
176 http fetch 200 https://registry.npmjs.org/socket.io/-/socket.io-1.3.7.tgz
177 silly fetchAndShaCheck shasum 93747a29bcab6266f0fbe19112cca5e1388cf7ad
178 verbose addTmpTarball C:\Users\brad\AppData\Local\Temp\npm-11480-527830d8\registry.npmjs.org\socket.io\-\socket.io-1.3.7.tgz not in flight; adding
179 verbose addTmpTarball already have metadata; skipping unpack for socket.io@1.3.7
180 silly cache afterAdd socket.io@1.3.7
181 verbose afterAdd C:\Users\brad\AppData\Roaming\npm-cache\socket.io\1.3.7\package\package.json not in flight; writing
182 verbose afterAdd C:\Users\brad\AppData\Roaming\npm-cache\socket.io\1.3.7\package\package.json written
183 http fetch 200 https://registry.npmjs.org/yetify/-/yetify-0.0.1.tgz
184 silly fetchAndShaCheck shasum 3e8154def73164493ae84203155f2b6e0eb4d352
185 verbose addTmpTarball C:\Users\brad\AppData\Local\Temp\npm-11480-527830d8\registry.npmjs.org\yetify\-\yetify-0.0.1.tgz not in flight; adding
186 verbose addTmpTarball already have metadata; skipping unpack for yetify@0.0.1
187 silly cache afterAdd yetify@0.0.1
188 verbose afterAdd C:\Users\brad\AppData\Roaming\npm-cache\yetify\0.0.1\package\package.json not in flight; writing
189 http fetch 200 https://registry.npmjs.org/node-uuid/-/node-uuid-1.2.0.tgz
190 verbose afterAdd C:\Users\brad\AppData\Roaming\npm-cache\yetify\0.0.1\package\package.json written
191 silly fetchAndShaCheck shasum 81a9fe32934719852499b58b2523d2cd5fdfd65b
192 verbose addTmpTarball C:\Users\brad\AppData\Local\Temp\npm-11480-527830d8\registry.npmjs.org\node-uuid\-\node-uuid-1.2.0.tgz not in flight; adding
193 verbose addTmpTarball already have metadata; skipping unpack for node-uuid@1.2.0
194 silly cache afterAdd node-uuid@1.2.0
195 verbose afterAdd C:\Users\brad\AppData\Roaming\npm-cache\node-uuid\1.2.0\package\package.json not in flight; writing
196 verbose afterAdd C:\Users\brad\AppData\Roaming\npm-cache\node-uuid\1.2.0\package\package.json written
197 http fetch 200 https://registry.npmjs.org/getconfig/-/getconfig-2.1.0.tgz
198 silly fetchAndShaCheck shasum 07810d4e5d975a2e12bd21e0b234157a57931722
199 verbose addTmpTarball C:\Users\brad\AppData\Local\Temp\npm-11480-527830d8\registry.npmjs.org\getconfig\-\getconfig-2.1.0.tgz not in flight; adding
200 verbose addTmpTarball already have metadata; skipping unpack for getconfig@2.1.0
201 silly cache afterAdd getconfig@2.1.0
202 verbose afterAdd C:\Users\brad\AppData\Roaming\npm-cache\getconfig\2.1.0\package\package.json not in flight; writing
203 verbose afterAdd C:\Users\brad\AppData\Roaming\npm-cache\getconfig\2.1.0\package\package.json written
204 silly rollbackFailedOptional Starting
205 silly rollbackFailedOptional Finishing
206 silly runTopLevelLifecycles Starting
207 silly runTopLevelLifecycles Finishing
208 silly install printInstalled
209 verbose stack Error: No compatible version found: kurento-client@master
209 verbose stack Valid install targets:
209 verbose stack ["6.6.0","6.5.0","6.4.1","6.4.0","6.2.0","6.1.0","6.0.1","6.0.0","5.1.0","5.0.4","5.0.3"]
209 verbose stack
209 verbose stack     at pickVersionFromRegistryDocument (C:\Program Files (x86)\Microsoft Visual Studio 14.0\Web\External\node_modules\npm\lib\fetch-package-metadata.js:146:16)
209 verbose stack     at C:\Program Files (x86)\Microsoft Visual Studio 14.0\Web\External\node_modules\iferr\index.js:13:50
209 verbose stack     at C:\Program Files (x86)\Microsoft Visual Studio 14.0\Web\External\node_modules\npm\lib\utils\pulse-till-done.js:19:8
209 verbose stack     at saved (C:\Program Files (x86)\Microsoft Visual Studio 14.0\Web\External\node_modules\npm\lib\cache\caching-client.js:168:7)
209 verbose stack     at C:\Program Files (x86)\Microsoft Visual Studio 14.0\Web\External\node_modules\npm\node_modules\graceful-fs\polyfills.js:210:7
209 verbose stack     at FSReqWrap.oncomplete (fs.js:82:15)
210 verbose cwd C:\Projects\signalmaster
211 error Windows_NT 10.0.14393
212 error argv "C:\\Program Files (x86)\\Microsoft Visual Studio 14.0\\Web\\External\\node.exe" "C:\\Program Files (x86)\\Microsoft Visual Studio 14.0\\Web\\External\\node_modules\\npm\\bin\\npm-cli.js" "install"
213 error node v5.4.1
214 error npm  v3.3.4
215 error No compatible version found: kurento-client@master
215 error Valid install targets:
215 error ["6.6.0","6.5.0","6.4.1","6.4.0","6.2.0","6.1.0","6.0.1","6.0.0","5.1.0","5.0.4","5.0.3"]
216 error If you need help, you may report this error at:
216 error     <https://github.com/npm/npm/issues>
217 verbose exit [ 1, true ]
